<?xml version="1.0" encoding="UTF-8"?>
<!-- Generated by org.testng.reporters.JUnitReportReporter -->
<testsuite name="TestClass" tests="1" time="9.214" ignored="0" failures="0" timestamp="01 Feb 2017 01:22:03 GMT" skipped="0" hostname="WINDOWS-23DV591" errors="0">
  <testcase name="TestClass" time="9.214" classname="TestClass"/>
</testsuite> <!-- TestClass -->
